C:\USERS\TRAVIS\DOCUMENTS\BIRKBECK\PROJECT\CODE\MANAGEDDEMO\DEBUG\MANAGEDDEMO.EXE
C:\USERS\TRAVIS\DOCUMENTS\BIRKBECK\PROJECT\CODE\MANAGEDDEMO\DEBUG\MANAGEDDEMO.ILK
C:\USERS\TRAVIS\DOCUMENTS\BIRKBECK\PROJECT\CODE\MANAGEDDEMO\DEBUG\MANAGEDDEMO.PDB
C:\Users\Travis\Documents\Birkbeck\Project\Code\ManagedDemo\ManagedDemo\Debug\cl.command.1.tlog
C:\Users\Travis\Documents\Birkbeck\Project\Code\ManagedDemo\ManagedDemo\Debug\CL.read.1.tlog
C:\Users\Travis\Documents\Birkbeck\Project\Code\ManagedDemo\ManagedDemo\Debug\CL.write.1.tlog
C:\USERS\TRAVIS\DOCUMENTS\BIRKBECK\PROJECT\CODE\MANAGEDDEMO\MANAGEDDEMO\DEBUG\CONTENTMANAGER.OBJ
C:\USERS\TRAVIS\DOCUMENTS\BIRKBECK\PROJECT\CODE\MANAGEDDEMO\MANAGEDDEMO\DEBUG\DEMO.OBJ
C:\USERS\TRAVIS\DOCUMENTS\BIRKBECK\PROJECT\CODE\MANAGEDDEMO\MANAGEDDEMO\DEBUG\DEMOBUTTON.OBJ
C:\USERS\TRAVIS\DOCUMENTS\BIRKBECK\PROJECT\CODE\MANAGEDDEMO\MANAGEDDEMO\DEBUG\DEMOCOLOUR.OBJ
C:\USERS\TRAVIS\DOCUMENTS\BIRKBECK\PROJECT\CODE\MANAGEDDEMO\MANAGEDDEMO\DEBUG\DEMOCONTACTLISTENER.OBJ
C:\USERS\TRAVIS\DOCUMENTS\BIRKBECK\PROJECT\CODE\MANAGEDDEMO\MANAGEDDEMO\DEBUG\DEMODEBUGINFO.OBJ
C:\USERS\TRAVIS\DOCUMENTS\BIRKBECK\PROJECT\CODE\MANAGEDDEMO\MANAGEDDEMO\DEBUG\DEMORAND.OBJ
C:\USERS\TRAVIS\DOCUMENTS\BIRKBECK\PROJECT\CODE\MANAGEDDEMO\MANAGEDDEMO\DEBUG\DEMORECTANGLE.OBJ
C:\USERS\TRAVIS\DOCUMENTS\BIRKBECK\PROJECT\CODE\MANAGEDDEMO\MANAGEDDEMO\DEBUG\GAME.OBJ
C:\USERS\TRAVIS\DOCUMENTS\BIRKBECK\PROJECT\CODE\MANAGEDDEMO\MANAGEDDEMO\DEBUG\GAMEOBJECT.OBJ
C:\USERS\TRAVIS\DOCUMENTS\BIRKBECK\PROJECT\CODE\MANAGEDDEMO\MANAGEDDEMO\DEBUG\INPUTMANAGER.OBJ
C:\Users\Travis\Documents\Birkbeck\Project\Code\ManagedDemo\ManagedDemo\Debug\link.968.read.1.tlog
C:\Users\Travis\Documents\Birkbeck\Project\Code\ManagedDemo\ManagedDemo\Debug\link.968.write.1.tlog
C:\Users\Travis\Documents\Birkbeck\Project\Code\ManagedDemo\ManagedDemo\Debug\link.968-cvtres.read.1.tlog
C:\Users\Travis\Documents\Birkbeck\Project\Code\ManagedDemo\ManagedDemo\Debug\link.968-cvtres.write.1.tlog
C:\Users\Travis\Documents\Birkbeck\Project\Code\ManagedDemo\ManagedDemo\Debug\link.command.1.tlog
C:\Users\Travis\Documents\Birkbeck\Project\Code\ManagedDemo\ManagedDemo\Debug\link.read.1.tlog
C:\Users\Travis\Documents\Birkbeck\Project\Code\ManagedDemo\ManagedDemo\Debug\link.write.1.tlog
C:\Users\Travis\Documents\Birkbeck\Project\Code\ManagedDemo\ManagedDemo\Debug\link-cvtres.read.1.tlog
C:\Users\Travis\Documents\Birkbeck\Project\Code\ManagedDemo\ManagedDemo\Debug\link-cvtres.write.1.tlog
C:\USERS\TRAVIS\DOCUMENTS\BIRKBECK\PROJECT\CODE\MANAGEDDEMO\MANAGEDDEMO\DEBUG\MANAGEDDEMO.EXE.EMBED.MANIFEST
C:\USERS\TRAVIS\DOCUMENTS\BIRKBECK\PROJECT\CODE\MANAGEDDEMO\MANAGEDDEMO\DEBUG\MANAGEDDEMO.EXE.EMBED.MANIFEST.RES
C:\USERS\TRAVIS\DOCUMENTS\BIRKBECK\PROJECT\CODE\MANAGEDDEMO\MANAGEDDEMO\DEBUG\MANAGEDDEMO.EXE.INTERMEDIATE.MANIFEST
C:\USERS\TRAVIS\DOCUMENTS\BIRKBECK\PROJECT\CODE\MANAGEDDEMO\MANAGEDDEMO\DEBUG\MANAGEDDEMO.OBJ
C:\USERS\TRAVIS\DOCUMENTS\BIRKBECK\PROJECT\CODE\MANAGEDDEMO\MANAGEDDEMO\DEBUG\MANAGEDDEMO.PCH
C:\USERS\TRAVIS\DOCUMENTS\BIRKBECK\PROJECT\CODE\MANAGEDDEMO\MANAGEDDEMO\DEBUG\MANAGEDDEMO.RES
C:\Users\Travis\Documents\Birkbeck\Project\Code\ManagedDemo\ManagedDemo\Debug\ManagedDemo_manifest.rc
C:\Users\Travis\Documents\Birkbeck\Project\Code\ManagedDemo\ManagedDemo\Debug\mt.command.1.tlog
C:\Users\Travis\Documents\Birkbeck\Project\Code\ManagedDemo\ManagedDemo\Debug\mt.read.1.tlog
C:\Users\Travis\Documents\Birkbeck\Project\Code\ManagedDemo\ManagedDemo\Debug\mt.write.1.tlog
C:\USERS\TRAVIS\DOCUMENTS\BIRKBECK\PROJECT\CODE\MANAGEDDEMO\MANAGEDDEMO\DEBUG\PUSHBUTTON.OBJ
C:\Users\Travis\Documents\Birkbeck\Project\Code\ManagedDemo\ManagedDemo\Debug\rc.command.1.tlog
C:\Users\Travis\Documents\Birkbeck\Project\Code\ManagedDemo\ManagedDemo\Debug\rc.read.1.tlog
C:\Users\Travis\Documents\Birkbeck\Project\Code\ManagedDemo\ManagedDemo\Debug\rc.write.1.tlog
C:\USERS\TRAVIS\DOCUMENTS\BIRKBECK\PROJECT\CODE\MANAGEDDEMO\MANAGEDDEMO\DEBUG\SPRITEBATCH.OBJ
C:\USERS\TRAVIS\DOCUMENTS\BIRKBECK\PROJECT\CODE\MANAGEDDEMO\MANAGEDDEMO\DEBUG\STDAFX.OBJ
C:\USERS\TRAVIS\DOCUMENTS\BIRKBECK\PROJECT\CODE\MANAGEDDEMO\MANAGEDDEMO\DEBUG\TEXTURE2D.OBJ
C:\USERS\TRAVIS\DOCUMENTS\BIRKBECK\PROJECT\CODE\MANAGEDDEMO\MANAGEDDEMO\DEBUG\TOGGLEBUTTON.OBJ
C:\Users\Travis\Documents\Birkbeck\Project\Code\ManagedDemo\ManagedDemo\Debug\vc110.idb
C:\USERS\TRAVIS\DOCUMENTS\BIRKBECK\PROJECT\CODE\MANAGEDDEMO\MANAGEDDEMO\DEBUG\VC110.PDB
C:\USERS\TRAVIS\DOCUMENTS\BIRKBECK\PROJECT\CODE\MANAGEDDEMO\MANAGEDDEMO\DEBUG\WINDOWSINPUTMANAGER.OBJ
