Build started 27/08/2012 17:57:39.
     1>Project "C:\Users\Travis\Documents\Birkbeck\Project\Code\ManagedDemo\ManagedDemo\ManagedDemo.vcxproj" on node 2 (Build target(s)).
         C:\Program Files (x86)\Microsoft Visual Studio 11.0\VC\bin\CL.exe /c /I..\..\UnmanagedDemo\Box2D /I..\..\UnmanagedDemo\HyMMS /ZI /nologo /W3 /WX- /Od /Oy- /D WIN32 /D _DEBUG /D _WINDOWS /D _UNICODE /D UNICODE /Gm /EHsc /RTC1 /MTd /GS /fp:precise /Zc:wchar_t /Zc:forScope /Yu"stdafx.h" /Fp"Debug\ManagedDemo.pch" /Fo"Debug\\" /Fd"Debug\vc110.pdb" /Gd /TP /analyze- /errorReport:prompt ContentManager.cpp Demo.cpp DemoButton.cpp DemoContactListener.cpp DemoDebugInfo.cpp DemoRand.cpp Game.cpp GameObject.cpp ManagedDemo.cpp PerfInfo.cpp PushButton.cpp SpriteBatch.cpp Texture2D.cpp ToggleButton.cpp
         PerfInfo.cpp
     1>c:\users\travis\documents\birkbeck\project\code\unmanageddemo\hymms\gctimer.h(24): warning C4244: '=' : conversion from 'LONGLONG' to 'double', possible loss of data
     1>c:\users\travis\documents\birkbeck\project\code\manageddemo\manageddemo\perfinfo.cpp(36): warning C4018: '<' : signed/unsigned mismatch
         Game.cpp
     1>c:\users\travis\documents\birkbeck\project\code\unmanageddemo\hymms\gctimer.h(24): warning C4244: '=' : conversion from 'LONGLONG' to 'double', possible loss of data
         Demo.cpp
     1>c:\users\travis\documents\birkbeck\project\code\unmanageddemo\hymms\gctimer.h(24): warning C4244: '=' : conversion from 'LONGLONG' to 'double', possible loss of data
     1>c:\users\travis\documents\birkbeck\project\code\manageddemo\manageddemo\demo.cpp(192): warning C4244: 'argument' : conversion from 'double' to 'float32', possible loss of data
     1>c:\users\travis\documents\birkbeck\project\code\manageddemo\manageddemo\demo.cpp(346): warning C4244: '=' : conversion from 'double' to 'float', possible loss of data
         Generating Code...
         Compiling...
         ToggleButton.cpp
     1>c:\users\travis\documents\birkbeck\project\code\unmanageddemo\hymms\gctimer.h(24): warning C4244: '=' : conversion from 'LONGLONG' to 'double', possible loss of data
         Texture2D.cpp
     1>c:\users\travis\documents\birkbeck\project\code\unmanageddemo\hymms\gctimer.h(24): warning C4244: '=' : conversion from 'LONGLONG' to 'double', possible loss of data
     1>c:\users\travis\documents\birkbeck\project\code\manageddemo\manageddemo\texture2d.cpp(18): warning C4996: 'fopen': This function or variable may be unsafe. Consider using fopen_s instead. To disable deprecation, use _CRT_SECURE_NO_WARNINGS. See online help for details.
                 c:\program files (x86)\microsoft visual studio 11.0\vc\include\stdio.h(218) : see declaration of 'fopen'
         SpriteBatch.cpp
     1>c:\users\travis\documents\birkbeck\project\code\unmanageddemo\hymms\gctimer.h(24): warning C4244: '=' : conversion from 'LONGLONG' to 'double', possible loss of data
         PushButton.cpp
     1>c:\users\travis\documents\birkbeck\project\code\unmanageddemo\hymms\gctimer.h(24): warning C4244: '=' : conversion from 'LONGLONG' to 'double', possible loss of data
         ManagedDemo.cpp
     1>c:\users\travis\documents\birkbeck\project\code\manageddemo\manageddemo\manageddemo.cpp(2): warning C4603: 'WIN32_EXTRA_LEAN' : macro is not defined or definition is different after precompiled header use
                 Add macro to precompiled header instead of defining here
                 c:\users\travis\documents\birkbeck\project\code\manageddemo\manageddemo\manageddemo.cpp(4) : use of precompiled header
     1>c:\users\travis\documents\birkbeck\project\code\unmanageddemo\hymms\gctimer.h(24): warning C4244: '=' : conversion from 'LONGLONG' to 'double', possible loss of data
         GameObject.cpp
     1>c:\users\travis\documents\birkbeck\project\code\unmanageddemo\hymms\gctimer.h(24): warning C4244: '=' : conversion from 'LONGLONG' to 'double', possible loss of data
         DemoRand.cpp
     1>c:\users\travis\documents\birkbeck\project\code\unmanageddemo\hymms\gctimer.h(24): warning C4244: '=' : conversion from 'LONGLONG' to 'double', possible loss of data
         DemoDebugInfo.cpp
     1>c:\users\travis\documents\birkbeck\project\code\unmanageddemo\hymms\gctimer.h(24): warning C4244: '=' : conversion from 'LONGLONG' to 'double', possible loss of data
         DemoContactListener.cpp
     1>c:\users\travis\documents\birkbeck\project\code\unmanageddemo\hymms\gctimer.h(24): warning C4244: '=' : conversion from 'LONGLONG' to 'double', possible loss of data
         DemoButton.cpp
     1>c:\users\travis\documents\birkbeck\project\code\unmanageddemo\hymms\gctimer.h(24): warning C4244: '=' : conversion from 'LONGLONG' to 'double', possible loss of data
         ContentManager.cpp
     1>c:\users\travis\documents\birkbeck\project\code\unmanageddemo\hymms\gctimer.h(24): warning C4244: '=' : conversion from 'LONGLONG' to 'double', possible loss of data
         Generating Code...
     1>c:\users\travis\documents\birkbeck\project\code\manageddemo\manageddemo\texture2d.cpp(289): warning C4715: 'Texture2D::ConvertRGBToRGBA' : not all control paths return a value
         C:\Program Files (x86)\Microsoft Visual Studio 11.0\VC\bin\link.exe /ERRORREPORT:PROMPT /OUT:"C:\Users\Travis\Documents\Birkbeck\Project\Code\ManagedDemo\Debug\ManagedDemo.exe" /INCREMENTAL /NOLOGO OpenGL32.lib GLU32.lib kernel32.lib user32.lib gdi32.lib winspool.lib comdlg32.lib advapi32.lib shell32.lib ole32.lib oleaut32.lib uuid.lib odbc32.lib odbccp32.lib /MANIFEST /ManifestFile:"Debug\ManagedDemo.exe.intermediate.manifest" /MANIFESTUAC:"level='asInvoker' uiAccess='false'" /DEBUG /PDB:"C:\Users\Travis\Documents\Birkbeck\Project\Code\ManagedDemo\Debug\ManagedDemo.pdb" /SUBSYSTEM:WINDOWS /TLBID:1 /DYNAMICBASE /NXCOMPAT /IMPLIB:"C:\Users\Travis\Documents\Birkbeck\Project\Code\ManagedDemo\Debug\ManagedDemo.lib" /MACHINE:X86 Debug\ManagedDemo.res
         Debug\ContentManager.obj
         Debug\Demo.obj
         Debug\DemoButton.obj
         Debug\DemoColour.obj
         Debug\DemoContactListener.obj
         Debug\DemoDebugInfo.obj
         Debug\DemoRand.obj
         Debug\DemoRectangle.obj
         Debug\Game.obj
         Debug\GameObject.obj
         Debug\InputManager.obj
         Debug\ManagedDemo.obj
         Debug\PerfInfo.obj
         Debug\PushButton.obj
         Debug\SpriteBatch.obj
         Debug\stdafx.obj
         Debug\Texture2D.obj
         Debug\ToggleButton.obj
         Debug\WindowsInputManager.obj
         C:\Users\Travis\Documents\Birkbeck\Project\Code\ManagedDemo\Debug\Box2D.lib
         C:\Users\Travis\Documents\Birkbeck\Project\Code\ManagedDemo\Debug\HyMMS.lib
         Debug\ManagedDemo.exe.embed.manifest.res
         LINK : library changed; performing full link
         C:\Program Files (x86)\Windows Kits\8.0\bin\x86\mt.exe /nologo /verbose /out:"Debug\ManagedDemo.exe.embed.manifest" /manifest Debug\ManagedDemo.exe.intermediate.manifest
         ManagedDemo.vcxproj -> C:\Users\Travis\Documents\Birkbeck\Project\Code\ManagedDemo\Debug\ManagedDemo.exe
     1>Done Building Project "C:\Users\Travis\Documents\Birkbeck\Project\Code\ManagedDemo\ManagedDemo\ManagedDemo.vcxproj" (Build target(s)).

Build succeeded.

Time Elapsed 00:00:14.95
