C:\USERS\TRAVIS\DOCUMENTS\BIRKBECK\PROJECT\CODE\MANAGEDDEMO\DEBUG\BOX2D.LIB
C:\USERS\TRAVIS\DOCUMENTS\BIRKBECK\PROJECT\CODE\UNMANAGEDDEMO\BOX2D\DEBUG\B2BLOCKALLOCATOR.OBJ
C:\USERS\TRAVIS\DOCUMENTS\BIRKBECK\PROJECT\CODE\UNMANAGEDDEMO\BOX2D\DEBUG\B2BODY.OBJ
C:\USERS\TRAVIS\DOCUMENTS\BIRKBECK\PROJECT\CODE\UNMANAGEDDEMO\BOX2D\DEBUG\B2BROADPHASE.OBJ
C:\USERS\TRAVIS\DOCUMENTS\BIRKBECK\PROJECT\CODE\UNMANAGEDDEMO\BOX2D\DEBUG\B2CHAINANDCIRCLECONTACT.OBJ
C:\USERS\TRAVIS\DOCUMENTS\BIRKBECK\PROJECT\CODE\UNMANAGEDDEMO\BOX2D\DEBUG\B2CHAINANDPOLYGONCONTACT.OBJ
C:\USERS\TRAVIS\DOCUMENTS\BIRKBECK\PROJECT\CODE\UNMANAGEDDEMO\BOX2D\DEBUG\B2CHAINSHAPE.OBJ
C:\USERS\TRAVIS\DOCUMENTS\BIRKBECK\PROJECT\CODE\UNMANAGEDDEMO\BOX2D\DEBUG\B2CIRCLECONTACT.OBJ
C:\USERS\TRAVIS\DOCUMENTS\BIRKBECK\PROJECT\CODE\UNMANAGEDDEMO\BOX2D\DEBUG\B2CIRCLESHAPE.OBJ
C:\USERS\TRAVIS\DOCUMENTS\BIRKBECK\PROJECT\CODE\UNMANAGEDDEMO\BOX2D\DEBUG\B2COLLIDECIRCLE.OBJ
C:\USERS\TRAVIS\DOCUMENTS\BIRKBECK\PROJECT\CODE\UNMANAGEDDEMO\BOX2D\DEBUG\B2COLLIDEEDGE.OBJ
C:\USERS\TRAVIS\DOCUMENTS\BIRKBECK\PROJECT\CODE\UNMANAGEDDEMO\BOX2D\DEBUG\B2COLLIDEPOLYGON.OBJ
C:\USERS\TRAVIS\DOCUMENTS\BIRKBECK\PROJECT\CODE\UNMANAGEDDEMO\BOX2D\DEBUG\B2COLLISION.OBJ
C:\USERS\TRAVIS\DOCUMENTS\BIRKBECK\PROJECT\CODE\UNMANAGEDDEMO\BOX2D\DEBUG\B2CONTACT.OBJ
C:\USERS\TRAVIS\DOCUMENTS\BIRKBECK\PROJECT\CODE\UNMANAGEDDEMO\BOX2D\DEBUG\B2CONTACTMANAGER.OBJ
C:\USERS\TRAVIS\DOCUMENTS\BIRKBECK\PROJECT\CODE\UNMANAGEDDEMO\BOX2D\DEBUG\B2CONTACTSOLVER.OBJ
C:\USERS\TRAVIS\DOCUMENTS\BIRKBECK\PROJECT\CODE\UNMANAGEDDEMO\BOX2D\DEBUG\B2DISTANCE.OBJ
C:\USERS\TRAVIS\DOCUMENTS\BIRKBECK\PROJECT\CODE\UNMANAGEDDEMO\BOX2D\DEBUG\B2DISTANCEJOINT.OBJ
C:\USERS\TRAVIS\DOCUMENTS\BIRKBECK\PROJECT\CODE\UNMANAGEDDEMO\BOX2D\DEBUG\B2DRAW.OBJ
C:\USERS\TRAVIS\DOCUMENTS\BIRKBECK\PROJECT\CODE\UNMANAGEDDEMO\BOX2D\DEBUG\B2DYNAMICTREE.OBJ
C:\USERS\TRAVIS\DOCUMENTS\BIRKBECK\PROJECT\CODE\UNMANAGEDDEMO\BOX2D\DEBUG\B2EDGEANDCIRCLECONTACT.OBJ
C:\USERS\TRAVIS\DOCUMENTS\BIRKBECK\PROJECT\CODE\UNMANAGEDDEMO\BOX2D\DEBUG\B2EDGEANDPOLYGONCONTACT.OBJ
C:\USERS\TRAVIS\DOCUMENTS\BIRKBECK\PROJECT\CODE\UNMANAGEDDEMO\BOX2D\DEBUG\B2EDGESHAPE.OBJ
C:\USERS\TRAVIS\DOCUMENTS\BIRKBECK\PROJECT\CODE\UNMANAGEDDEMO\BOX2D\DEBUG\B2FIXTURE.OBJ
C:\USERS\TRAVIS\DOCUMENTS\BIRKBECK\PROJECT\CODE\UNMANAGEDDEMO\BOX2D\DEBUG\B2FRICTIONJOINT.OBJ
C:\USERS\TRAVIS\DOCUMENTS\BIRKBECK\PROJECT\CODE\UNMANAGEDDEMO\BOX2D\DEBUG\B2GEARJOINT.OBJ
C:\USERS\TRAVIS\DOCUMENTS\BIRKBECK\PROJECT\CODE\UNMANAGEDDEMO\BOX2D\DEBUG\B2ISLAND.OBJ
C:\USERS\TRAVIS\DOCUMENTS\BIRKBECK\PROJECT\CODE\UNMANAGEDDEMO\BOX2D\DEBUG\B2JOINT.OBJ
C:\USERS\TRAVIS\DOCUMENTS\BIRKBECK\PROJECT\CODE\UNMANAGEDDEMO\BOX2D\DEBUG\B2MATH.OBJ
C:\USERS\TRAVIS\DOCUMENTS\BIRKBECK\PROJECT\CODE\UNMANAGEDDEMO\BOX2D\DEBUG\B2MOUSEJOINT.OBJ
C:\USERS\TRAVIS\DOCUMENTS\BIRKBECK\PROJECT\CODE\UNMANAGEDDEMO\BOX2D\DEBUG\B2POLYGONANDCIRCLECONTACT.OBJ
C:\USERS\TRAVIS\DOCUMENTS\BIRKBECK\PROJECT\CODE\UNMANAGEDDEMO\BOX2D\DEBUG\B2POLYGONCONTACT.OBJ
C:\USERS\TRAVIS\DOCUMENTS\BIRKBECK\PROJECT\CODE\UNMANAGEDDEMO\BOX2D\DEBUG\B2POLYGONSHAPE.OBJ
C:\USERS\TRAVIS\DOCUMENTS\BIRKBECK\PROJECT\CODE\UNMANAGEDDEMO\BOX2D\DEBUG\B2PRISMATICJOINT.OBJ
C:\USERS\TRAVIS\DOCUMENTS\BIRKBECK\PROJECT\CODE\UNMANAGEDDEMO\BOX2D\DEBUG\B2PULLEYJOINT.OBJ
C:\USERS\TRAVIS\DOCUMENTS\BIRKBECK\PROJECT\CODE\UNMANAGEDDEMO\BOX2D\DEBUG\B2REVOLUTEJOINT.OBJ
C:\USERS\TRAVIS\DOCUMENTS\BIRKBECK\PROJECT\CODE\UNMANAGEDDEMO\BOX2D\DEBUG\B2ROPE.OBJ
C:\USERS\TRAVIS\DOCUMENTS\BIRKBECK\PROJECT\CODE\UNMANAGEDDEMO\BOX2D\DEBUG\B2ROPEJOINT.OBJ
C:\USERS\TRAVIS\DOCUMENTS\BIRKBECK\PROJECT\CODE\UNMANAGEDDEMO\BOX2D\DEBUG\B2SETTINGS.OBJ
C:\USERS\TRAVIS\DOCUMENTS\BIRKBECK\PROJECT\CODE\UNMANAGEDDEMO\BOX2D\DEBUG\B2STACKALLOCATOR.OBJ
C:\USERS\TRAVIS\DOCUMENTS\BIRKBECK\PROJECT\CODE\UNMANAGEDDEMO\BOX2D\DEBUG\B2TIMEOFIMPACT.OBJ
C:\USERS\TRAVIS\DOCUMENTS\BIRKBECK\PROJECT\CODE\UNMANAGEDDEMO\BOX2D\DEBUG\B2TIMER.OBJ
C:\USERS\TRAVIS\DOCUMENTS\BIRKBECK\PROJECT\CODE\UNMANAGEDDEMO\BOX2D\DEBUG\B2WELDJOINT.OBJ
C:\USERS\TRAVIS\DOCUMENTS\BIRKBECK\PROJECT\CODE\UNMANAGEDDEMO\BOX2D\DEBUG\B2WHEELJOINT.OBJ
C:\USERS\TRAVIS\DOCUMENTS\BIRKBECK\PROJECT\CODE\UNMANAGEDDEMO\BOX2D\DEBUG\B2WORLD.OBJ
C:\USERS\TRAVIS\DOCUMENTS\BIRKBECK\PROJECT\CODE\UNMANAGEDDEMO\BOX2D\DEBUG\B2WORLDCALLBACKS.OBJ
C:\Users\Travis\Documents\Birkbeck\Project\Code\UnmanagedDemo\Box2D\Debug\cl.command.1.tlog
C:\Users\Travis\Documents\Birkbeck\Project\Code\UnmanagedDemo\Box2D\Debug\CL.read.1.tlog
C:\Users\Travis\Documents\Birkbeck\Project\Code\UnmanagedDemo\Box2D\Debug\CL.write.1.tlog
C:\Users\Travis\Documents\Birkbeck\Project\Code\UnmanagedDemo\Box2D\Debug\lib.command.1.tlog
C:\Users\Travis\Documents\Birkbeck\Project\Code\UnmanagedDemo\Box2D\Debug\Lib.read.1.tlog
C:\Users\Travis\Documents\Birkbeck\Project\Code\UnmanagedDemo\Box2D\Debug\Lib-link.read.1.tlog
C:\Users\Travis\Documents\Birkbeck\Project\Code\UnmanagedDemo\Box2D\Debug\Lib-link.write.1.tlog
C:\Users\Travis\Documents\Birkbeck\Project\Code\UnmanagedDemo\Box2D\Debug\vc110.idb
C:\USERS\TRAVIS\DOCUMENTS\BIRKBECK\PROJECT\CODE\UNMANAGEDDEMO\BOX2D\DEBUG\VC110.PDB
